make[1]: Entering directory '/usr/local/osdev/versions/vi'
rm -rf build/*.o 
rm -rf build/*.bin 
rm -rf build_support/logs/objdump.txt 
rm -rf build_support/logs/elfdump.txt
rm -rf build_support/logs/qemu_debug_log.txt
make[1]: Leaving directory '/usr/local/osdev/versions/vi'
make[1]: Entering directory '/usr/local/osdev/versions/vi'
Start Debug Dump
----------
vpath: kernel/:kernel/gui:kernel/net:kernel/syscalls:kernel/devices:kernel/devices/arch:kernel/devices/arch/x86_64:kernel/kapps:kernel/support:kernel/fs:kernel/include:kernel/include/gui:kernel/include/net:kernel/include/kapps:kernel/arch:kernel/arch/x86_64:
----------
*.s:
 
*.o:
----------
*.S: kernel/arch/x86_64/helper_asm.S kernel/arch/x86_64/interrupt_asm.S
 
*.o: build/helper_asm.o build/interrupt_asm.o
----------
*.c: kernel/arch/x86_64/bootstrap.c kernel/arch/x86_64/debug.c kernel/arch/x86_64/interrupt.c kernel/arch/x86_64/limine_boostrap.c kernel/arch/x86_64/page.c kernel/device.c kernel/devices/arch/x86_64/ahci.c kernel/devices/arch/x86_64/e1000.c kernel/devices/arch/x86_64/framebuffer.c kernel/devices/arch/x86_64/keyboard.c kernel/devices/arch/x86_64/pci.c kernel/devices/arch/x86_64/rtc.c kernel/devices/arch/x86_64/serial.c kernel/devices/arch/x86_64/timer.c kernel/elf.c kernel/fs/afs.c kernel/gui/console.c kernel/gui/text.c kernel/gui/u_vga16.c kernel/idle_loop.c kernel/kapps/kshell_arp_test.c kernel/kapps/kshell_dm.c kernel/kapps/kshell_ps.c kernel/kapps/kshell_quit.c kernel/kapps/kshell_task_tests.c kernel/kmemory.c kernel/kshell.c kernel/main.c kernel/net/arp.c kernel/net/dhcp.c kernel/net/ethernet.c kernel/net/ipv4.c kernel/net/tcp.c kernel/net/udp.c kernel/support/acpi.c kernel/support/kmalloc.c kernel/support/ksymbols.c kernel/support/mmio.c kernel/support/stacktrace.c kernel/syscalls/read.c kernel/syscalls/syscall.c kernel/syscalls/write.c kernel/task.c
 
*.o: build/bootstrap.o build/debug.o build/interrupt.o build/limine_boostrap.o build/page.o build/device.o build/ahci.o build/e1000.o build/framebuffer.o build/keyboard.o build/pci.o build/rtc.o build/serial.o build/timer.o build/elf.o build/afs.o build/console.o build/text.o build/u_vga16.o build/idle_loop.o build/kshell_arp_test.o build/kshell_dm.o build/kshell_ps.o build/kshell_quit.o build/kshell_task_tests.o build/kmemory.o build/kshell.o build/main.o build/arp.o build/dhcp.o build/ethernet.o build/ipv4.o build/tcp.o build/udp.o build/acpi.o build/kmalloc.o build/ksymbols.o build/mmio.o build/stacktrace.o build/read.o build/syscall.o build/write.o build/task.o
----------
End Debug Dump
 
make[1]: Leaving directory '/usr/local/osdev/versions/vi'
make[1]: Entering directory '/usr/local/osdev/versions/vi'
/usr/local/osdev/bin/x86_64-elf-gcc -DPAGING_PAE -DGRAPHICS_OFF -DBITS_64  -Wno-write-strings -ffreestanding -fno-omit-frame-pointer -fno-lto -fno-stack-protector -fno-stack-check -mno-red-zone -O0 -g -I/usr/local/osdev/versions/vi/kernel/include -I/usr/local/osdev/versions/vi/../libcvv/libc/include -m64 -march=x86-64 -mabi=sysv -mno-sse -mcmodel=kernel       -nostdlib -lgcc -std=c11 -c kernel/arch/x86_64/bootstrap.c -o build/bootstrap.o >> /usr/local/osdev/versions/vi/build_support/logs/build.log
/usr/local/osdev/bin/x86_64-elf-gcc -DPAGING_PAE -DGRAPHICS_OFF -DBITS_64  -Wno-write-strings -ffreestanding -fno-omit-frame-pointer -fno-lto -fno-stack-protector -fno-stack-check -mno-red-zone -O0 -g -I/usr/local/osdev/versions/vi/kernel/include -I/usr/local/osdev/versions/vi/../libcvv/libc/include -m64 -march=x86-64 -mabi=sysv -mno-sse -mcmodel=kernel       -nostdlib -lgcc -std=c11 -c kernel/arch/x86_64/debug.c -o build/debug.o >> /usr/local/osdev/versions/vi/build_support/logs/build.log
/usr/local/osdev/bin/x86_64-elf-gcc -DPAGING_PAE -DGRAPHICS_OFF -DBITS_64  -Wno-write-strings -ffreestanding -fno-omit-frame-pointer -fno-lto -fno-stack-protector -fno-stack-check -mno-red-zone -O0 -g -I/usr/local/osdev/versions/vi/kernel/include -I/usr/local/osdev/versions/vi/../libcvv/libc/include -m64 -march=x86-64 -mabi=sysv -mno-sse -mcmodel=kernel       -nostdlib -lgcc -std=c11 -c kernel/arch/x86_64/interrupt.c -o build/interrupt.o >> /usr/local/osdev/versions/vi/build_support/logs/build.log
/usr/local/osdev/bin/x86_64-elf-gcc -DPAGING_PAE -DGRAPHICS_OFF -DBITS_64  -Wno-write-strings -ffreestanding -fno-omit-frame-pointer -fno-lto -fno-stack-protector -fno-stack-check -mno-red-zone -O0 -g -I/usr/local/osdev/versions/vi/kernel/include -I/usr/local/osdev/versions/vi/../libcvv/libc/include -m64 -march=x86-64 -mabi=sysv -mno-sse -mcmodel=kernel       -nostdlib -lgcc -std=c11 -c kernel/arch/x86_64/limine_boostrap.c -o build/limine_boostrap.o >> /usr/local/osdev/versions/vi/build_support/logs/build.log
/usr/local/osdev/bin/x86_64-elf-gcc -DPAGING_PAE -DGRAPHICS_OFF -DBITS_64  -Wno-write-strings -ffreestanding -fno-omit-frame-pointer -fno-lto -fno-stack-protector -fno-stack-check -mno-red-zone -O0 -g -I/usr/local/osdev/versions/vi/kernel/include -I/usr/local/osdev/versions/vi/../libcvv/libc/include -m64 -march=x86-64 -mabi=sysv -mno-sse -mcmodel=kernel       -nostdlib -lgcc -std=c11 -c kernel/arch/x86_64/page.c -o build/page.o >> /usr/local/osdev/versions/vi/build_support/logs/build.log
/usr/local/osdev/bin/x86_64-elf-gcc -DPAGING_PAE -DGRAPHICS_OFF -DBITS_64  -Wno-write-strings -ffreestanding -fno-omit-frame-pointer -fno-lto -fno-stack-protector -fno-stack-check -mno-red-zone -O0 -g -I/usr/local/osdev/versions/vi/kernel/include -I/usr/local/osdev/versions/vi/../libcvv/libc/include -m64 -march=x86-64 -mabi=sysv -mno-sse -mcmodel=kernel       -nostdlib -lgcc -std=c11 -c kernel/device.c -o build/device.o >> /usr/local/osdev/versions/vi/build_support/logs/build.log
/usr/local/osdev/bin/x86_64-elf-gcc -DPAGING_PAE -DGRAPHICS_OFF -DBITS_64  -Wno-write-strings -ffreestanding -fno-omit-frame-pointer -fno-lto -fno-stack-protector -fno-stack-check -mno-red-zone -O0 -g -I/usr/local/osdev/versions/vi/kernel/include -I/usr/local/osdev/versions/vi/../libcvv/libc/include -m64 -march=x86-64 -mabi=sysv -mno-sse -mcmodel=kernel       -nostdlib -lgcc -std=c11 -c kernel/devices/arch/x86_64/ahci.c -o build/ahci.o >> /usr/local/osdev/versions/vi/build_support/logs/build.log
/usr/local/osdev/bin/x86_64-elf-gcc -DPAGING_PAE -DGRAPHICS_OFF -DBITS_64  -Wno-write-strings -ffreestanding -fno-omit-frame-pointer -fno-lto -fno-stack-protector -fno-stack-check -mno-red-zone -O0 -g -I/usr/local/osdev/versions/vi/kernel/include -I/usr/local/osdev/versions/vi/../libcvv/libc/include -m64 -march=x86-64 -mabi=sysv -mno-sse -mcmodel=kernel       -nostdlib -lgcc -std=c11 -c kernel/devices/arch/x86_64/e1000.c -o build/e1000.o >> /usr/local/osdev/versions/vi/build_support/logs/build.log
/usr/local/osdev/bin/x86_64-elf-gcc -DPAGING_PAE -DGRAPHICS_OFF -DBITS_64  -Wno-write-strings -ffreestanding -fno-omit-frame-pointer -fno-lto -fno-stack-protector -fno-stack-check -mno-red-zone -O0 -g -I/usr/local/osdev/versions/vi/kernel/include -I/usr/local/osdev/versions/vi/../libcvv/libc/include -m64 -march=x86-64 -mabi=sysv -mno-sse -mcmodel=kernel       -nostdlib -lgcc -std=c11 -c kernel/devices/arch/x86_64/framebuffer.c -o build/framebuffer.o >> /usr/local/osdev/versions/vi/build_support/logs/build.log
/usr/local/osdev/bin/x86_64-elf-gcc -DPAGING_PAE -DGRAPHICS_OFF -DBITS_64  -Wno-write-strings -ffreestanding -fno-omit-frame-pointer -fno-lto -fno-stack-protector -fno-stack-check -mno-red-zone -O0 -g -I/usr/local/osdev/versions/vi/kernel/include -I/usr/local/osdev/versions/vi/../libcvv/libc/include -m64 -march=x86-64 -mabi=sysv -mno-sse -mcmodel=kernel       -nostdlib -lgcc -std=c11 -c kernel/devices/arch/x86_64/keyboard.c -o build/keyboard.o >> /usr/local/osdev/versions/vi/build_support/logs/build.log
/usr/local/osdev/bin/x86_64-elf-gcc -DPAGING_PAE -DGRAPHICS_OFF -DBITS_64  -Wno-write-strings -ffreestanding -fno-omit-frame-pointer -fno-lto -fno-stack-protector -fno-stack-check -mno-red-zone -O0 -g -I/usr/local/osdev/versions/vi/kernel/include -I/usr/local/osdev/versions/vi/../libcvv/libc/include -m64 -march=x86-64 -mabi=sysv -mno-sse -mcmodel=kernel       -nostdlib -lgcc -std=c11 -c kernel/devices/arch/x86_64/pci.c -o build/pci.o >> /usr/local/osdev/versions/vi/build_support/logs/build.log
/usr/local/osdev/bin/x86_64-elf-gcc -DPAGING_PAE -DGRAPHICS_OFF -DBITS_64  -Wno-write-strings -ffreestanding -fno-omit-frame-pointer -fno-lto -fno-stack-protector -fno-stack-check -mno-red-zone -O0 -g -I/usr/local/osdev/versions/vi/kernel/include -I/usr/local/osdev/versions/vi/../libcvv/libc/include -m64 -march=x86-64 -mabi=sysv -mno-sse -mcmodel=kernel       -nostdlib -lgcc -std=c11 -c kernel/devices/arch/x86_64/rtc.c -o build/rtc.o >> /usr/local/osdev/versions/vi/build_support/logs/build.log
/usr/local/osdev/bin/x86_64-elf-gcc -DPAGING_PAE -DGRAPHICS_OFF -DBITS_64  -Wno-write-strings -ffreestanding -fno-omit-frame-pointer -fno-lto -fno-stack-protector -fno-stack-check -mno-red-zone -O0 -g -I/usr/local/osdev/versions/vi/kernel/include -I/usr/local/osdev/versions/vi/../libcvv/libc/include -m64 -march=x86-64 -mabi=sysv -mno-sse -mcmodel=kernel       -nostdlib -lgcc -std=c11 -c kernel/devices/arch/x86_64/serial.c -o build/serial.o >> /usr/local/osdev/versions/vi/build_support/logs/build.log
/usr/local/osdev/bin/x86_64-elf-gcc -DPAGING_PAE -DGRAPHICS_OFF -DBITS_64  -Wno-write-strings -ffreestanding -fno-omit-frame-pointer -fno-lto -fno-stack-protector -fno-stack-check -mno-red-zone -O0 -g -I/usr/local/osdev/versions/vi/kernel/include -I/usr/local/osdev/versions/vi/../libcvv/libc/include -m64 -march=x86-64 -mabi=sysv -mno-sse -mcmodel=kernel       -nostdlib -lgcc -std=c11 -c kernel/devices/arch/x86_64/timer.c -o build/timer.o >> /usr/local/osdev/versions/vi/build_support/logs/build.log
/usr/local/osdev/bin/x86_64-elf-gcc -DPAGING_PAE -DGRAPHICS_OFF -DBITS_64  -Wno-write-strings -ffreestanding -fno-omit-frame-pointer -fno-lto -fno-stack-protector -fno-stack-check -mno-red-zone -O0 -g -I/usr/local/osdev/versions/vi/kernel/include -I/usr/local/osdev/versions/vi/../libcvv/libc/include -m64 -march=x86-64 -mabi=sysv -mno-sse -mcmodel=kernel       -nostdlib -lgcc -std=c11 -c kernel/elf.c -o build/elf.o >> /usr/local/osdev/versions/vi/build_support/logs/build.log
/usr/local/osdev/bin/x86_64-elf-gcc -DPAGING_PAE -DGRAPHICS_OFF -DBITS_64  -Wno-write-strings -ffreestanding -fno-omit-frame-pointer -fno-lto -fno-stack-protector -fno-stack-check -mno-red-zone -O0 -g -I/usr/local/osdev/versions/vi/kernel/include -I/usr/local/osdev/versions/vi/../libcvv/libc/include -m64 -march=x86-64 -mabi=sysv -mno-sse -mcmodel=kernel       -nostdlib -lgcc -std=c11 -c kernel/fs/afs.c -o build/afs.o >> /usr/local/osdev/versions/vi/build_support/logs/build.log
make[1]: Leaving directory '/usr/local/osdev/versions/vi'
